<?xml version="1.0" encoding="UTF-8"?>
<!-- Generated by org.testng.reporters.JUnitXMLReporter -->
<testsuite ignored="0" hostname="DESKTOP-KA9533D" failures="2" tests="11" name="Test" time="780.953" errors="0" timestamp="2023-08-28T13:53:11 IST">
  <testcase classname="test.IntelomaticEndtoEnd" name="LoginTestCases" time="89.663"/>
  <testcase classname="test.IntelomaticEndtoEnd" name="CreateCollectortTestCases" time="253.244"/>
  <testcase classname="test.IntelomaticEndtoEnd" name="PreviewCollectortTestCases" time="24.507"/>
  <testcase classname="test.IntelomaticEndtoEnd" name="EditCollectortTestCases" time="25.288"/>
  <testcase classname="test.IntelomaticEndtoEnd" name="CreateNewCollectortTestCases" time="48.512"/>
  <testcase classname="test.IntelomaticEndtoEnd" name="SearchPageTestCases" time="33.955"/>
  <testcase classname="test.IntelomaticEndtoEnd" name="FilterPageTestCases" time="90.546">
    <failure type="java.lang.AssertionError" message="The following asserts failed:
	expected [true] but found [false],
	expected [true] but found [false]">
      <![CDATA[java.lang.AssertionError: The following asserts failed:
expected [true] but found [false],
expected [true] but found [false]
at test.IntelomaticEndtoEnd.FilterPageTestCases(IntelomaticEndtoEnd.java:328)
at java.base/java.util.ArrayList.forEach(ArrayList.java:1511)
... Removed 38 stack frames]]>
    </failure>
  </testcase> <!-- FilterPageTestCases -->
  <testcase classname="test.IntelomaticEndtoEnd" name="RemoveCollectortTestCases" time="24.338"/>
  <testcase classname="test.IntelomaticEndtoEnd" name="NewCreateCollectortTestCases" time="49.196"/>
  <testcase classname="test.IntelomaticEndtoEnd" name="PublishAllCollectorsTestCases" time="80.022">
    <failure type="java.lang.AssertionError" message="The following asserts failed:
	expected [true] but found [false],
	expected [true] but found [false]">
      <![CDATA[java.lang.AssertionError: The following asserts failed:
expected [true] but found [false],
expected [true] but found [false]
at test.IntelomaticEndtoEnd.PublishAllCollectorsTestCases(IntelomaticEndtoEnd.java:484)
at java.base/java.util.ArrayList.forEach(ArrayList.java:1511)
... Removed 38 stack frames]]>
    </failure>
  </testcase> <!-- PublishAllCollectorsTestCases -->
  <testcase classname="test.IntelomaticEndtoEnd" name="LogoutTestCase" time="11.521"/>
</testsuite> <!-- Test -->
