<?xml version="1.0" encoding="UTF-8"?>
<testng-results ignored="0" total="11" passed="9" failed="2" skipped="0">
  <reporter-output>
  </reporter-output>
  <suite started-at="2023-08-28T13:40:10 IST" name="Suite" finished-at="2023-08-28T13:53:11 IST" duration-ms="780953">
    <groups>
    </groups>
    <test started-at="2023-08-28T13:40:10 IST" name="Test" finished-at="2023-08-28T13:53:11 IST" duration-ms="780953">
      <class name="test.IntelomaticEndtoEnd">
        <test-method is-config="true" signature="initialize()[pri:0, instance:test.IntelomaticEndtoEnd@4647881c]" started-at="2023-08-28T13:40:10 IST" name="initialize" finished-at="2023-08-28T13:40:49 IST" duration-ms="39252" status="PASS">
          <reporter-output>
          </reporter-output>
        </test-method> <!-- initialize -->
        <test-method signature="LoginTestCases(java.lang.String)[pri:0, instance:test.IntelomaticEndtoEnd@4647881c]" started-at="2023-08-28T13:40:52 IST" name="LoginTestCases" data-provider="DocFileRead" finished-at="2023-08-28T13:42:22 IST" duration-ms="89663" status="PASS">
          <params>
            <param index="0">
              <value>
                <![CDATA[1]]>
              </value>
            </param>
          </params>
          <reporter-output>
          </reporter-output>
        </test-method> <!-- LoginTestCases -->
        <test-method signature="CreateCollectortTestCases(java.lang.String)[pri:1, instance:test.IntelomaticEndtoEnd@4647881c]" started-at="2023-08-28T13:42:23 IST" name="CreateCollectortTestCases" data-provider="DocFileReadFormCreation" finished-at="2023-08-28T13:46:37 IST" duration-ms="253244" status="PASS">
          <params>
            <param index="0">
              <value>
                <![CDATA[1]]>
              </value>
            </param>
          </params>
          <reporter-output>
          </reporter-output>
        </test-method> <!-- CreateCollectortTestCases -->
        <test-method signature="PreviewCollectortTestCases()[pri:2, instance:test.IntelomaticEndtoEnd@4647881c]" started-at="2023-08-28T13:46:37 IST" name="PreviewCollectortTestCases" finished-at="2023-08-28T13:47:01 IST" duration-ms="24507" status="PASS">
          <reporter-output>
          </reporter-output>
        </test-method> <!-- PreviewCollectortTestCases -->
        <test-method signature="EditCollectortTestCases(java.lang.String)[pri:3, instance:test.IntelomaticEndtoEnd@4647881c]" started-at="2023-08-28T13:47:01 IST" name="EditCollectortTestCases" data-provider="DocFileReadFormEdit" finished-at="2023-08-28T13:47:27 IST" duration-ms="25288" status="PASS">
          <params>
            <param index="0">
              <value>
                <![CDATA[1]]>
              </value>
            </param>
          </params>
          <reporter-output>
          </reporter-output>
        </test-method> <!-- EditCollectortTestCases -->
        <test-method signature="CreateNewCollectortTestCases(java.lang.String)[pri:4, instance:test.IntelomaticEndtoEnd@4647881c]" started-at="2023-08-28T13:47:27 IST" name="CreateNewCollectortTestCases" data-provider="DocFileReadFormNewCreation" finished-at="2023-08-28T13:48:15 IST" duration-ms="48512" status="PASS">
          <params>
            <param index="0">
              <value>
                <![CDATA[1]]>
              </value>
            </param>
          </params>
          <reporter-output>
          </reporter-output>
        </test-method> <!-- CreateNewCollectortTestCases -->
        <test-method signature="SearchPageTestCases(java.lang.String)[pri:5, instance:test.IntelomaticEndtoEnd@4647881c]" started-at="2023-08-28T13:48:15 IST" name="SearchPageTestCases" data-provider="DocFileReadFormSearch" finished-at="2023-08-28T13:48:49 IST" duration-ms="33955" status="PASS">
          <params>
            <param index="0">
              <value>
                <![CDATA[1]]>
              </value>
            </param>
          </params>
          <reporter-output>
          </reporter-output>
        </test-method> <!-- SearchPageTestCases -->
        <test-method signature="FilterPageTestCases(java.lang.String)[pri:6, instance:test.IntelomaticEndtoEnd@4647881c]" started-at="2023-08-28T13:48:49 IST" name="FilterPageTestCases" data-provider="DocFileReadFormFilter" finished-at="2023-08-28T13:50:20 IST" duration-ms="90546" status="FAIL">
          <params>
            <param index="0">
              <value>
                <![CDATA[1]]>
              </value>
            </param>
          </params>
          <exception class="java.lang.AssertionError">
            <message>
              <![CDATA[The following asserts failed:
expected [true] but found [false],
expected [true] but found [false]]]>
            </message>
            <full-stacktrace>
              <![CDATA[java.lang.AssertionError: The following asserts failed:
expected [true] but found [false],
expected [true] but found [false]
at org.testng.asserts.SoftAssert.assertAll(SoftAssert.java:47)
at org.testng.asserts.SoftAssert.assertAll(SoftAssert.java:31)
at test.IntelomaticEndtoEnd.FilterPageTestCases(IntelomaticEndtoEnd.java:328)
at java.base/jdk.internal.reflect.NativeMethodAccessorImpl.invoke0(Native Method)
at java.base/jdk.internal.reflect.NativeMethodAccessorImpl.invoke(NativeMethodAccessorImpl.java:77)
at java.base/jdk.internal.reflect.DelegatingMethodAccessorImpl.invoke(DelegatingMethodAccessorImpl.java:43)
at java.base/java.lang.reflect.Method.invoke(Method.java:568)
at org.testng.internal.MethodInvocationHelper.invokeMethod(MethodInvocationHelper.java:132)
at org.testng.internal.TestInvoker.invokeMethod(TestInvoker.java:599)
at org.testng.internal.TestInvoker.invokeTestMethod(TestInvoker.java:174)
at org.testng.internal.MethodRunner.runInSequence(MethodRunner.java:46)
at org.testng.internal.TestInvoker$MethodInvocationAgent.invoke(TestInvoker.java:822)
at org.testng.internal.TestInvoker.invokeTestMethods(TestInvoker.java:147)
at org.testng.internal.TestMethodWorker.invokeTestMethods(TestMethodWorker.java:146)
at org.testng.internal.TestMethodWorker.run(TestMethodWorker.java:128)
at java.base/java.util.ArrayList.forEach(ArrayList.java:1511)
at org.testng.TestRunner.privateRun(TestRunner.java:764)
at org.testng.TestRunner.run(TestRunner.java:585)
at org.testng.SuiteRunner.runTest(SuiteRunner.java:384)
at org.testng.SuiteRunner.runSequentially(SuiteRunner.java:378)
at org.testng.SuiteRunner.privateRun(SuiteRunner.java:337)
at org.testng.SuiteRunner.run(SuiteRunner.java:286)
at org.testng.SuiteRunnerWorker.runSuite(SuiteRunnerWorker.java:53)
at org.testng.SuiteRunnerWorker.run(SuiteRunnerWorker.java:96)
at org.testng.TestNG.runSuitesSequentially(TestNG.java:1218)
at org.testng.TestNG.runSuitesLocally(TestNG.java:1140)
at org.testng.TestNG.runSuites(TestNG.java:1069)
at org.testng.TestNG.run(TestNG.java:1037)
at org.apache.maven.surefire.testng.TestNGExecutor.run(TestNGExecutor.java:178)
at org.apache.maven.surefire.testng.TestNGXmlTestSuite.execute(TestNGXmlTestSuite.java:92)
at org.apache.maven.surefire.testng.TestNGProvider.invoke(TestNGProvider.java:96)
at java.base/jdk.internal.reflect.NativeMethodAccessorImpl.invoke0(Native Method)
at java.base/jdk.internal.reflect.NativeMethodAccessorImpl.invoke(NativeMethodAccessorImpl.java:77)
at java.base/jdk.internal.reflect.DelegatingMethodAccessorImpl.invoke(DelegatingMethodAccessorImpl.java:43)
at java.base/java.lang.reflect.Method.invoke(Method.java:568)
at org.apache.maven.surefire.util.ReflectionUtils.invokeMethodWithArray2(ReflectionUtils.java:208)
at org.apache.maven.surefire.booter.ProviderFactory$ProviderProxy.invoke(ProviderFactory.java:159)
at org.apache.maven.surefire.booter.ProviderFactory.invokeProvider(ProviderFactory.java:87)
at org.apache.maven.surefire.booter.ForkedBooter.runSuitesInProcess(ForkedBooter.java:153)
at org.apache.maven.surefire.booter.ForkedBooter.main(ForkedBooter.java:95)
]]>
            </full-stacktrace>
          </exception> <!-- java.lang.AssertionError -->
          <reporter-output>
          </reporter-output>
        </test-method> <!-- FilterPageTestCases -->
        <test-method signature="RemoveCollectortTestCases()[pri:8, instance:test.IntelomaticEndtoEnd@4647881c]" started-at="2023-08-28T13:50:22 IST" name="RemoveCollectortTestCases" finished-at="2023-08-28T13:50:47 IST" duration-ms="24338" status="PASS">
          <reporter-output>
          </reporter-output>
        </test-method> <!-- RemoveCollectortTestCases -->
        <test-method signature="NewCreateCollectortTestCases(java.lang.String)[pri:10, instance:test.IntelomaticEndtoEnd@4647881c]" started-at="2023-08-28T13:50:47 IST" name="NewCreateCollectortTestCases" data-provider="DocFileReadFormNewCreation" finished-at="2023-08-28T13:51:36 IST" duration-ms="49196" status="PASS">
          <params>
            <param index="0">
              <value>
                <![CDATA[1]]>
              </value>
            </param>
          </params>
          <reporter-output>
          </reporter-output>
        </test-method> <!-- NewCreateCollectortTestCases -->
        <test-method signature="PublishAllCollectorsTestCases()[pri:11, instance:test.IntelomaticEndtoEnd@4647881c]" started-at="2023-08-28T13:51:36 IST" name="PublishAllCollectorsTestCases" finished-at="2023-08-28T13:52:56 IST" duration-ms="80022" status="FAIL">
          <exception class="java.lang.AssertionError">
            <message>
              <![CDATA[The following asserts failed:
expected [true] but found [false],
expected [true] but found [false]]]>
            </message>
            <full-stacktrace>
              <![CDATA[java.lang.AssertionError: The following asserts failed:
expected [true] but found [false],
expected [true] but found [false]
at org.testng.asserts.SoftAssert.assertAll(SoftAssert.java:47)
at org.testng.asserts.SoftAssert.assertAll(SoftAssert.java:31)
at test.IntelomaticEndtoEnd.PublishAllCollectorsTestCases(IntelomaticEndtoEnd.java:484)
at java.base/jdk.internal.reflect.NativeMethodAccessorImpl.invoke0(Native Method)
at java.base/jdk.internal.reflect.NativeMethodAccessorImpl.invoke(NativeMethodAccessorImpl.java:77)
at java.base/jdk.internal.reflect.DelegatingMethodAccessorImpl.invoke(DelegatingMethodAccessorImpl.java:43)
at java.base/java.lang.reflect.Method.invoke(Method.java:568)
at org.testng.internal.MethodInvocationHelper.invokeMethod(MethodInvocationHelper.java:132)
at org.testng.internal.TestInvoker.invokeMethod(TestInvoker.java:599)
at org.testng.internal.TestInvoker.invokeTestMethod(TestInvoker.java:174)
at org.testng.internal.MethodRunner.runInSequence(MethodRunner.java:46)
at org.testng.internal.TestInvoker$MethodInvocationAgent.invoke(TestInvoker.java:822)
at org.testng.internal.TestInvoker.invokeTestMethods(TestInvoker.java:147)
at org.testng.internal.TestMethodWorker.invokeTestMethods(TestMethodWorker.java:146)
at org.testng.internal.TestMethodWorker.run(TestMethodWorker.java:128)
at java.base/java.util.ArrayList.forEach(ArrayList.java:1511)
at org.testng.TestRunner.privateRun(TestRunner.java:764)
at org.testng.TestRunner.run(TestRunner.java:585)
at org.testng.SuiteRunner.runTest(SuiteRunner.java:384)
at org.testng.SuiteRunner.runSequentially(SuiteRunner.java:378)
at org.testng.SuiteRunner.privateRun(SuiteRunner.java:337)
at org.testng.SuiteRunner.run(SuiteRunner.java:286)
at org.testng.SuiteRunnerWorker.runSuite(SuiteRunnerWorker.java:53)
at org.testng.SuiteRunnerWorker.run(SuiteRunnerWorker.java:96)
at org.testng.TestNG.runSuitesSequentially(TestNG.java:1218)
at org.testng.TestNG.runSuitesLocally(TestNG.java:1140)
at org.testng.TestNG.runSuites(TestNG.java:1069)
at org.testng.TestNG.run(TestNG.java:1037)
at org.apache.maven.surefire.testng.TestNGExecutor.run(TestNGExecutor.java:178)
at org.apache.maven.surefire.testng.TestNGXmlTestSuite.execute(TestNGXmlTestSuite.java:92)
at org.apache.maven.surefire.testng.TestNGProvider.invoke(TestNGProvider.java:96)
at java.base/jdk.internal.reflect.NativeMethodAccessorImpl.invoke0(Native Method)
at java.base/jdk.internal.reflect.NativeMethodAccessorImpl.invoke(NativeMethodAccessorImpl.java:77)
at java.base/jdk.internal.reflect.DelegatingMethodAccessorImpl.invoke(DelegatingMethodAccessorImpl.java:43)
at java.base/java.lang.reflect.Method.invoke(Method.java:568)
at org.apache.maven.surefire.util.ReflectionUtils.invokeMethodWithArray2(ReflectionUtils.java:208)
at org.apache.maven.surefire.booter.ProviderFactory$ProviderProxy.invoke(ProviderFactory.java:159)
at org.apache.maven.surefire.booter.ProviderFactory.invokeProvider(ProviderFactory.java:87)
at org.apache.maven.surefire.booter.ForkedBooter.runSuitesInProcess(ForkedBooter.java:153)
at org.apache.maven.surefire.booter.ForkedBooter.main(ForkedBooter.java:95)
]]>
            </full-stacktrace>
          </exception> <!-- java.lang.AssertionError -->
          <reporter-output>
          </reporter-output>
        </test-method> <!-- PublishAllCollectorsTestCases -->
        <test-method signature="LogoutTestCase()[pri:12, instance:test.IntelomaticEndtoEnd@4647881c]" started-at="2023-08-28T13:52:57 IST" name="LogoutTestCase" finished-at="2023-08-28T13:53:08 IST" duration-ms="11521" status="PASS">
          <reporter-output>
          </reporter-output>
        </test-method> <!-- LogoutTestCase -->
        <test-method is-config="true" signature="Teardown()[pri:0, instance:test.IntelomaticEndtoEnd@4647881c]" started-at="2023-08-28T13:53:08 IST" name="Teardown" finished-at="2023-08-28T13:53:11 IST" duration-ms="2508" status="PASS">
          <reporter-output>
          </reporter-output>
        </test-method> <!-- Teardown -->
      </class> <!-- test.IntelomaticEndtoEnd -->
    </test> <!-- Test -->
  </suite> <!-- Suite -->
</testng-results>
